Copyright 1986-2020 Xilinx, Inc. All Rights Reserved.
--------------------------------------------------------------------------------------------------------------------------------------------------
| Tool Version : Vivado v.2020.2 (win64) Build 3064766 Wed Nov 18 09:12:45 MST 2020
| Date         : Thu Nov 10 02:08:45 2022
| Host         : LAPTOP-D2FDV0JU running 64-bit major release  (build 9200)
| Command      : report_methodology -file FPGA_methodology_drc_routed.rpt -pb FPGA_methodology_drc_routed.pb -rpx FPGA_methodology_drc_routed.rpx
| Design       : FPGA
| Device       : xc7a35tcpg236-1
| Speed File   : -1
| Design State : Fully Routed
--------------------------------------------------------------------------------------------------------------------------------------------------

Report Methodology

Table of Contents
-----------------
1. REPORT SUMMARY
2. REPORT DETAILS

1. REPORT SUMMARY
-----------------
            Netlist: netlist
          Floorplan: design_1
      Design limits: <entire design considered>
             Max violations: <unlimited>
             Violations found: 52
+-----------+----------+-------------------------------+------------+
| Rule      | Severity | Description                   | Violations |
+-----------+----------+-------------------------------+------------+
| TIMING-18 | Warning  | Missing input or output delay | 11         |
| TIMING-20 | Warning  | Non-clocked latch             | 41         |
+-----------+----------+-------------------------------+------------+

2. REPORT DETAILS
-----------------
TIMING-18#1 Warning
Missing input or output delay  
An input delay is missing on btnC relative to clock(s) sys_clk_pin
Related violations: <none>

TIMING-18#2 Warning
Missing input or output delay  
An input delay is missing on btnR relative to clock(s) sys_clk_pin
Related violations: <none>

TIMING-18#3 Warning
Missing input or output delay  
An input delay is missing on btnU relative to clock(s) sys_clk_pin
Related violations: <none>

TIMING-18#4 Warning
Missing input or output delay  
An input delay is missing on sw[12] relative to clock(s) sys_clk_pin
Related violations: <none>

TIMING-18#5 Warning
Missing input or output delay  
An input delay is missing on sw[13] relative to clock(s) sys_clk_pin
Related violations: <none>

TIMING-18#6 Warning
Missing input or output delay  
An input delay is missing on sw[14] relative to clock(s) sys_clk_pin
Related violations: <none>

TIMING-18#7 Warning
Missing input or output delay  
An input delay is missing on sw[15] relative to clock(s) sys_clk_pin
Related violations: <none>

TIMING-18#8 Warning
Missing input or output delay  
An output delay is missing on an[0] relative to clock(s) sys_clk_pin
Related violations: <none>

TIMING-18#9 Warning
Missing input or output delay  
An output delay is missing on an[1] relative to clock(s) sys_clk_pin
Related violations: <none>

TIMING-18#10 Warning
Missing input or output delay  
An output delay is missing on an[2] relative to clock(s) sys_clk_pin
Related violations: <none>

TIMING-18#11 Warning
Missing input or output delay  
An output delay is missing on an[3] relative to clock(s) sys_clk_pin
Related violations: <none>

TIMING-20#1 Warning
Non-clocked latch  
The latch LED_reg[0] cannot be properly analyzed as its control pin LED_reg[0]/G is not reached by a timing clock
Related violations: <none>

TIMING-20#2 Warning
Non-clocked latch  
The latch LED_reg[10] cannot be properly analyzed as its control pin LED_reg[10]/G is not reached by a timing clock
Related violations: <none>

TIMING-20#3 Warning
Non-clocked latch  
The latch LED_reg[11] cannot be properly analyzed as its control pin LED_reg[11]/G is not reached by a timing clock
Related violations: <none>

TIMING-20#4 Warning
Non-clocked latch  
The latch LED_reg[12] cannot be properly analyzed as its control pin LED_reg[12]/G is not reached by a timing clock
Related violations: <none>

TIMING-20#5 Warning
Non-clocked latch  
The latch LED_reg[13] cannot be properly analyzed as its control pin LED_reg[13]/G is not reached by a timing clock
Related violations: <none>

TIMING-20#6 Warning
Non-clocked latch  
The latch LED_reg[14] cannot be properly analyzed as its control pin LED_reg[14]/G is not reached by a timing clock
Related violations: <none>

TIMING-20#7 Warning
Non-clocked latch  
The latch LED_reg[15] cannot be properly analyzed as its control pin LED_reg[15]/G is not reached by a timing clock
Related violations: <none>

TIMING-20#8 Warning
Non-clocked latch  
The latch LED_reg[1] cannot be properly analyzed as its control pin LED_reg[1]/G is not reached by a timing clock
Related violations: <none>

TIMING-20#9 Warning
Non-clocked latch  
The latch LED_reg[2] cannot be properly analyzed as its control pin LED_reg[2]/G is not reached by a timing clock
Related violations: <none>

TIMING-20#10 Warning
Non-clocked latch  
The latch LED_reg[4] cannot be properly analyzed as its control pin LED_reg[4]/G is not reached by a timing clock
Related violations: <none>

TIMING-20#11 Warning
Non-clocked latch  
The latch LED_reg[5] cannot be properly analyzed as its control pin LED_reg[5]/G is not reached by a timing clock
Related violations: <none>

TIMING-20#12 Warning
Non-clocked latch  
The latch LED_reg[6] cannot be properly analyzed as its control pin LED_reg[6]/G is not reached by a timing clock
Related violations: <none>

TIMING-20#13 Warning
Non-clocked latch  
The latch LED_reg[8] cannot be properly analyzed as its control pin LED_reg[8]/G is not reached by a timing clock
Related violations: <none>

TIMING-20#14 Warning
Non-clocked latch  
The latch LED_reg[9] cannot be properly analyzed as its control pin LED_reg[9]/G is not reached by a timing clock
Related violations: <none>

TIMING-20#15 Warning
Non-clocked latch  
The latch correct_reg cannot be properly analyzed as its control pin correct_reg/G is not reached by a timing clock
Related violations: <none>

TIMING-20#16 Warning
Non-clocked latch  
The latch nextans_reg[0][0] cannot be properly analyzed as its control pin nextans_reg[0][0]/G is not reached by a timing clock
Related violations: <none>

TIMING-20#17 Warning
Non-clocked latch  
The latch nextans_reg[0][1] cannot be properly analyzed as its control pin nextans_reg[0][1]/G is not reached by a timing clock
Related violations: <none>

TIMING-20#18 Warning
Non-clocked latch  
The latch nextans_reg[0][2] cannot be properly analyzed as its control pin nextans_reg[0][2]/G is not reached by a timing clock
Related violations: <none>

TIMING-20#19 Warning
Non-clocked latch  
The latch nextans_reg[0][3] cannot be properly analyzed as its control pin nextans_reg[0][3]/G is not reached by a timing clock
Related violations: <none>

TIMING-20#20 Warning
Non-clocked latch  
The latch nextans_reg[1][0] cannot be properly analyzed as its control pin nextans_reg[1][0]/G is not reached by a timing clock
Related violations: <none>

TIMING-20#21 Warning
Non-clocked latch  
The latch nextans_reg[1][1] cannot be properly analyzed as its control pin nextans_reg[1][1]/G is not reached by a timing clock
Related violations: <none>

TIMING-20#22 Warning
Non-clocked latch  
The latch nextans_reg[1][2] cannot be properly analyzed as its control pin nextans_reg[1][2]/G is not reached by a timing clock
Related violations: <none>

TIMING-20#23 Warning
Non-clocked latch  
The latch nextans_reg[1][3] cannot be properly analyzed as its control pin nextans_reg[1][3]/G is not reached by a timing clock
Related violations: <none>

TIMING-20#24 Warning
Non-clocked latch  
The latch nextans_reg[2][0] cannot be properly analyzed as its control pin nextans_reg[2][0]/G is not reached by a timing clock
Related violations: <none>

TIMING-20#25 Warning
Non-clocked latch  
The latch nextans_reg[2][1] cannot be properly analyzed as its control pin nextans_reg[2][1]/G is not reached by a timing clock
Related violations: <none>

TIMING-20#26 Warning
Non-clocked latch  
The latch nextans_reg[2][2] cannot be properly analyzed as its control pin nextans_reg[2][2]/G is not reached by a timing clock
Related violations: <none>

TIMING-20#27 Warning
Non-clocked latch  
The latch nextans_reg[2][3] cannot be properly analyzed as its control pin nextans_reg[2][3]/G is not reached by a timing clock
Related violations: <none>

TIMING-20#28 Warning
Non-clocked latch  
The latch nextans_reg[3][0] cannot be properly analyzed as its control pin nextans_reg[3][0]/G is not reached by a timing clock
Related violations: <none>

TIMING-20#29 Warning
Non-clocked latch  
The latch nextans_reg[3][1] cannot be properly analyzed as its control pin nextans_reg[3][1]/G is not reached by a timing clock
Related violations: <none>

TIMING-20#30 Warning
Non-clocked latch  
The latch nextans_reg[3][2] cannot be properly analyzed as its control pin nextans_reg[3][2]/G is not reached by a timing clock
Related violations: <none>

TIMING-20#31 Warning
Non-clocked latch  
The latch nextans_reg[3][3] cannot be properly analyzed as its control pin nextans_reg[3][3]/G is not reached by a timing clock
Related violations: <none>

TIMING-20#32 Warning
Non-clocked latch  
The latch nextstate_reg[0] cannot be properly analyzed as its control pin nextstate_reg[0]/G is not reached by a timing clock
Related violations: <none>

TIMING-20#33 Warning
Non-clocked latch  
The latch nextstate_reg[1] cannot be properly analyzed as its control pin nextstate_reg[1]/G is not reached by a timing clock
Related violations: <none>

TIMING-20#34 Warning
Non-clocked latch  
The latch nextstate_reg[2] cannot be properly analyzed as its control pin nextstate_reg[2]/G is not reached by a timing clock
Related violations: <none>

TIMING-20#35 Warning
Non-clocked latch  
The latch seg_reg[0] cannot be properly analyzed as its control pin seg_reg[0]/G is not reached by a timing clock
Related violations: <none>

TIMING-20#36 Warning
Non-clocked latch  
The latch seg_reg[1] cannot be properly analyzed as its control pin seg_reg[1]/G is not reached by a timing clock
Related violations: <none>

TIMING-20#37 Warning
Non-clocked latch  
The latch seg_reg[2] cannot be properly analyzed as its control pin seg_reg[2]/G is not reached by a timing clock
Related violations: <none>

TIMING-20#38 Warning
Non-clocked latch  
The latch seg_reg[3] cannot be properly analyzed as its control pin seg_reg[3]/G is not reached by a timing clock
Related violations: <none>

TIMING-20#39 Warning
Non-clocked latch  
The latch seg_reg[4] cannot be properly analyzed as its control pin seg_reg[4]/G is not reached by a timing clock
Related violations: <none>

TIMING-20#40 Warning
Non-clocked latch  
The latch seg_reg[5] cannot be properly analyzed as its control pin seg_reg[5]/G is not reached by a timing clock
Related violations: <none>

TIMING-20#41 Warning
Non-clocked latch  
The latch seg_reg[6] cannot be properly analyzed as its control pin seg_reg[6]/G is not reached by a timing clock
Related violations: <none>


